<?xml version="1.0" encoding="UTF-8"?>
<testsuite xmlns:xsi="http://www.w3.org/2001/XMLSchema-instance" xsi:noNamespaceSchemaLocation="https://maven.apache.org/surefire/maven-surefire-plugin/xsd/surefire-test-report.xsd" name="com.dosideas.service.PaisServiceTest" time="7.184" tests="3" errors="0" skipped="0" failures="0">
  <properties>
[...]
</properties>
  <testcase name="buscarPorId_conIdExistente_retornaProvinciaConEseId" classname="com.dosideas.service.PaisServiceTest" time="0.331"/>
  <testcase name="buscarPorId_conIdNull_lanzaExcepcion" classname="com.dosideas.service.PaisServiceTest" time="0.015"/>
  <testcase name="buscarPorId_conIdInexistente_retornaNull" classname="com.dosideas.service.PaisServiceTest" time="0.01"/>
</testsuite>